<?xml version="1.0" encoding="UTF-8"?>
<!-- Generated by org.testng.reporters.JUnitXMLReporter -->
<testsuite hostname="NTTDATA608432" name="CountryApiTest" tests="11" failures="1" timestamp="5 Sep 2017 21:05:42 GMT" time="12.043" errors="0">
  <testcase name="checkLength" time="3.988" classname="com.kamala.test.CountryApiTest"/>
  <testcase name="httpscodevalidation" time="1.136" classname="com.kamala.test.CountryApiTest"/>
  <testcase name="noMatchcountyFound" time="0.469" classname="com.kamala.test.CountryApiTest"/>
  <testcase name="parametersTest" time="1.137" classname="com.kamala.test.CountryApiTest"/>
  <testcase name="restTest" time="0.889" classname="com.kamala.test.CountryApiTest"/>
  <testcase name="restTestall" time="0.803" classname="com.kamala.test.CountryApiTest"/>
  <testcase name="searchByState" time="0.791" classname="com.kamala.test.CountryApiTest"/>
  <testcase name="testISO" time="0.774" classname="com.kamala.test.CountryApiTest"/>
  <testcase name="testReturnCode" time="0.753" classname="com.kamala.test.CountryApiTest"/>
  <testcase name="testUK" time="0.454" classname="com.kamala.test.CountryApiTest">
    <failure type="java.lang.AssertionError" message="1 expectation failed.
JSON path RestResponse.result[234].name doesn&amp;apos;t match.
Expected: United Kingdom of Great Britain
  Actual: United Kingdom of Great Britain and Northern Ireland
">
      <![CDATA[java.lang.AssertionError: 1 expectation failed.
JSON path RestResponse.result[234].name doesn't match.
Expected: United Kingdom of Great Britain
  Actual: United Kingdom of Great Britain and Northern Ireland

	at org.codehaus.groovy.runtime.callsite.ConstructorSite$ConstructorSiteNoUnwrap.callConstructor(ConstructorSite.java:84)
	at org.codehaus.groovy.runtime.callsite.CallSiteArray.defaultCallConstructor(CallSiteArray.java:60)
	at org.codehaus.groovy.runtime.callsite.AbstractCallSite.callConstructor(AbstractCallSite.java:235)
	at org.codehaus.groovy.runtime.callsite.AbstractCallSite.callConstructor(AbstractCallSite.java:247)
	at io.restassured.internal.ResponseSpecificationImpl$HamcrestAssertionClosure.validate(ResponseSpecificationImpl.groovy:471)
	at io.restassured.internal.ResponseSpecificationImpl$HamcrestAssertionClosure$validate$1.call(Unknown Source)
	at io.restassured.internal.ResponseSpecificationImpl.validateResponseIfRequired(ResponseSpecificationImpl.groovy:636)
	at org.codehaus.groovy.runtime.callsite.PogoMetaMethodSite$PogoCachedMethodSiteNoUnwrapNoCoerce.invoke(PogoMetaMethodSite.java:210)
	at org.codehaus.groovy.runtime.callsite.PogoMetaMethodSite.callCurrent(PogoMetaMethodSite.java:59)
	at org.codehaus.groovy.runtime.callsite.AbstractCallSite.callCurrent(AbstractCallSite.java:166)
	at io.restassured.internal.ResponseSpecificationImpl.content(ResponseSpecificationImpl.groovy:265)
	at io.restassured.specification.ResponseSpecification$content$0.callCurrent(Unknown Source)
	at io.restassured.internal.ResponseSpecificationImpl.body(ResponseSpecificationImpl.groovy:248)
	at io.restassured.internal.ValidatableResponseOptionsImpl.body(ValidatableResponseOptionsImpl.java:268)
	at com.kamala.test.CountryApiTest.testUK(CountryApiTest.java:54)
... Removed 43 stack frames]]>
    </failure>
  </testcase> <!-- testUK -->
  <testcase name="testUSA" time="0.813" classname="com.kamala.test.CountryApiTest"/>
</testsuite> <!-- CountryApiTest -->
